{"/Users/global/Desktop/code/DemoApp-main/app/rootReducer.tsx": {"path":"/Users/global/Desktop/code/DemoApp-main/app/rootReducer.tsx","statementMap":{"0":{"start":{"line":4,"column":20},"end":{"line":6,"column":2}}},"fnMap":{},"branchMap":{},"s":{"0":2},"f":{},"b":{},"_coverageSchema":"1a1c01bbd47fc00a2c39e90264f33305004495a9","hash":"16c9ab19e8aa4ddde0004c21766106e0df8bc699"}
,"/Users/global/Desktop/code/DemoApp-main/app/store.ts": {"path":"/Users/global/Desktop/code/DemoApp-main/app/store.ts","statementMap":{"0":{"start":{"line":10,"column":14},"end":{"line":14,"column":2}},"1":{"start":{"line":12,"column":38},"end":{"line":12,"column":60}},"2":{"start":{"line":17,"column":30},"end":{"line":17,"column":62}},"3":{"start":{"line":17,"column":36},"end":{"line":17,"column":62}},"4":{"start":{"line":19,"column":63},"end":{"line":19,"column":74}}},"fnMap":{"0":{"name":"(anonymous_0)","decl":{"start":{"line":12,"column":14},"end":{"line":12,"column":15}},"loc":{"start":{"line":12,"column":38},"end":{"line":12,"column":60}},"line":12},"1":{"name":"(anonymous_1)","decl":{"start":{"line":17,"column":30},"end":{"line":17,"column":31}},"loc":{"start":{"line":17,"column":36},"end":{"line":17,"column":62}},"line":17}},"branchMap":{},"s":{"0":2,"1":2,"2":2,"3":0,"4":2},"f":{"0":2,"1":0},"b":{},"_coverageSchema":"1a1c01bbd47fc00a2c39e90264f33305004495a9","hash":"655af3efcc0237dfaf48e528729d9f2fb49447b6"}
,"/Users/global/Desktop/code/DemoApp-main/app/components/FloatingButton/FloatingButton.tsx": {"path":"/Users/global/Desktop/code/DemoApp-main/app/components/FloatingButton/FloatingButton.tsx","statementMap":{"0":{"start":{"line":10,"column":23},"end":{"line":20,"column":1}},"1":{"start":{"line":11,"column":46},"end":{"line":11,"column":51}},"2":{"start":{"line":12,"column":2},"end":{"line":19,"column":3}},"3":{"start":{"line":14,"column":21},"end":{"line":14,"column":41}},"4":{"start":{"line":24,"column":15},"end":{"line":41,"column":2}}},"fnMap":{"0":{"name":"(anonymous_0)","decl":{"start":{"line":10,"column":23},"end":{"line":10,"column":24}},"loc":{"start":{"line":10,"column":55},"end":{"line":20,"column":1}},"line":10},"1":{"name":"(anonymous_1)","decl":{"start":{"line":14,"column":15},"end":{"line":14,"column":16}},"loc":{"start":{"line":14,"column":21},"end":{"line":14,"column":41}},"line":14}},"branchMap":{"0":{"loc":{"start":{"line":14,"column":21},"end":{"line":14,"column":41}},"type":"binary-expr","locations":[{"start":{"line":14,"column":21},"end":{"line":14,"column":28}},{"start":{"line":14,"column":32},"end":{"line":14,"column":41}}],"line":14},"1":{"loc":{"start":{"line":17,"column":42},"end":{"line":17,"column":61}},"type":"binary-expr","locations":[{"start":{"line":17,"column":42},"end":{"line":17,"column":51}},{"start":{"line":17,"column":55},"end":{"line":17,"column":61}}],"line":17}},"s":{"0":1,"1":1,"2":1,"3":0,"4":1},"f":{"0":1,"1":0},"b":{"0":[0,0],"1":[1,1]},"_coverageSchema":"1a1c01bbd47fc00a2c39e90264f33305004495a9","hash":"076781da210a97b01044da59fabd1fd73a07ecd2"}
,"/Users/global/Desktop/code/DemoApp-main/app/components/MInput/MInput.tsx": {"path":"/Users/global/Desktop/code/DemoApp-main/app/components/MInput/MInput.tsx","statementMap":{"0":{"start":{"line":16,"column":15},"end":{"line":48,"column":2}},"1":{"start":{"line":17,"column":66},"end":{"line":17,"column":71}},"2":{"start":{"line":19,"column":26},"end":{"line":19,"column":53}},"3":{"start":{"line":21,"column":2},"end":{"line":32,"column":3}},"4":{"start":{"line":23,"column":11},"end":{"line":30,"column":5}},"5":{"start":{"line":25,"column":8},"end":{"line":25,"column":19}},"6":{"start":{"line":28,"column":8},"end":{"line":28,"column":19}},"7":{"start":{"line":34,"column":2},"end":{"line":47,"column":3}},"8":{"start":{"line":43,"column":10},"end":{"line":43,"column":24}},"9":{"start":{"line":50,"column":15},"end":{"line":59,"column":2}},"10":{"start":{"line":61,"column":0},"end":{"line":66,"column":1}}},"fnMap":{"0":{"name":"(anonymous_0)","decl":{"start":{"line":16,"column":26},"end":{"line":16,"column":27}},"loc":{"start":{"line":16,"column":59},"end":{"line":48,"column":1}},"line":16},"1":{"name":"(anonymous_1)","decl":{"start":{"line":23,"column":4},"end":{"line":23,"column":5}},"loc":{"start":{"line":23,"column":11},"end":{"line":30,"column":5}},"line":23},"2":{"name":"(anonymous_2)","decl":{"start":{"line":24,"column":15},"end":{"line":24,"column":16}},"loc":{"start":{"line":24,"column":21},"end":{"line":26,"column":7}},"line":24},"3":{"name":"(anonymous_3)","decl":{"start":{"line":27,"column":17},"end":{"line":27,"column":18}},"loc":{"start":{"line":27,"column":23},"end":{"line":29,"column":7}},"line":27},"4":{"name":"(anonymous_4)","decl":{"start":{"line":42,"column":22},"end":{"line":42,"column":23}},"loc":{"start":{"line":42,"column":41},"end":{"line":44,"column":9}},"line":42}},"branchMap":{"0":{"loc":{"start":{"line":19,"column":35},"end":{"line":19,"column":52}},"type":"binary-expr","locations":[{"start":{"line":19,"column":35},"end":{"line":19,"column":46}},{"start":{"line":19,"column":50},"end":{"line":19,"column":52}}],"line":19},"1":{"loc":{"start":{"line":35,"column":28},"end":{"line":35,"column":60}},"type":"binary-expr","locations":[{"start":{"line":35,"column":28},"end":{"line":35,"column":42}},{"start":{"line":35,"column":46},"end":{"line":35,"column":60}}],"line":35},"2":{"loc":{"start":{"line":37,"column":25},"end":{"line":37,"column":66}},"type":"binary-expr","locations":[{"start":{"line":37,"column":25},"end":{"line":37,"column":33}},{"start":{"line":37,"column":37},"end":{"line":37,"column":66}}],"line":37},"3":{"loc":{"start":{"line":38,"column":21},"end":{"line":38,"column":45}},"type":"binary-expr","locations":[{"start":{"line":38,"column":21},"end":{"line":38,"column":39}},{"start":{"line":38,"column":43},"end":{"line":38,"column":45}}],"line":38}},"s":{"0":1,"1":0,"2":0,"3":0,"4":0,"5":0,"6":0,"7":0,"8":0,"9":1,"10":1},"f":{"0":0,"1":0,"2":0,"3":0,"4":0},"b":{"0":[0,0],"1":[0,0],"2":[0,0],"3":[0,0]},"_coverageSchema":"1a1c01bbd47fc00a2c39e90264f33305004495a9","hash":"dbb8ad9009af38e13f9210f8578d2cd723d3414e"}
,"/Users/global/Desktop/code/DemoApp-main/app/constant/index.ts": {"path":"/Users/global/Desktop/code/DemoApp-main/app/constant/index.ts","statementMap":{},"fnMap":{},"branchMap":{},"s":{},"f":{},"b":{},"_coverageSchema":"1a1c01bbd47fc00a2c39e90264f33305004495a9","hash":"42bc0faee6b24352eab21867da2559ceb07a659c"}
,"/Users/global/Desktop/code/DemoApp-main/app/constant/routerConstants.ts": {"path":"/Users/global/Desktop/code/DemoApp-main/app/constant/routerConstants.ts","statementMap":{"0":{"start":{"line":1,"column":33},"end":{"line":4,"column":1}},"1":{"start":{"line":6,"column":35},"end":{"line":6,"column":37}}},"fnMap":{},"branchMap":{},"s":{"0":1,"1":1},"f":{},"b":{},"_coverageSchema":"1a1c01bbd47fc00a2c39e90264f33305004495a9","hash":"b6a60de2fd306943f1e1da286b42db2f9b1ab056"}
,"/Users/global/Desktop/code/DemoApp-main/app/redux/index.ts": {"path":"/Users/global/Desktop/code/DemoApp-main/app/redux/index.ts","statementMap":{},"fnMap":{},"branchMap":{},"s":{},"f":{},"b":{},"_coverageSchema":"1a1c01bbd47fc00a2c39e90264f33305004495a9","hash":"730e7fa7372531310e8f6bd1be8e1b22e7cadd32"}
,"/Users/global/Desktop/code/DemoApp-main/app/redux/Task/index.ts": {"path":"/Users/global/Desktop/code/DemoApp-main/app/redux/Task/index.ts","statementMap":{},"fnMap":{},"branchMap":{},"s":{},"f":{},"b":{},"_coverageSchema":"1a1c01bbd47fc00a2c39e90264f33305004495a9","hash":"d16b2fa5496451e74b090e67940235de19e11ff3"}
,"/Users/global/Desktop/code/DemoApp-main/app/redux/Task/taskSlice.ts": {"path":"/Users/global/Desktop/code/DemoApp-main/app/redux/Task/taskSlice.ts","statementMap":{"0":{"start":{"line":8,"column":35},"end":{"line":10,"column":1}},"1":{"start":{"line":17,"column":18},"end":{"line":35,"column":2}},"2":{"start":{"line":22,"column":6},"end":{"line":22,"column":60}},"3":{"start":{"line":25,"column":31},"end":{"line":27,"column":7}},"4":{"start":{"line":26,"column":16},"end":{"line":26,"column":52}},"5":{"start":{"line":28,"column":26},"end":{"line":28,"column":45}},"6":{"start":{"line":29,"column":6},"end":{"line":30,"column":42}},"7":{"start":{"line":31,"column":6},"end":{"line":31,"column":70}},"8":{"start":{"line":32,"column":6},"end":{"line":32,"column":34}},"9":{"start":{"line":37,"column":37},"end":{"line":37,"column":54}}},"fnMap":{"0":{"name":"(anonymous_0)","decl":{"start":{"line":21,"column":4},"end":{"line":21,"column":5}},"loc":{"start":{"line":21,"column":57},"end":{"line":23,"column":5}},"line":21},"1":{"name":"(anonymous_1)","decl":{"start":{"line":24,"column":4},"end":{"line":24,"column":5}},"loc":{"start":{"line":24,"column":57},"end":{"line":33,"column":5}},"line":24},"2":{"name":"(anonymous_2)","decl":{"start":{"line":26,"column":8},"end":{"line":26,"column":9}},"loc":{"start":{"line":26,"column":16},"end":{"line":26,"column":52}},"line":26}},"branchMap":{},"s":{"0":2,"1":2,"2":0,"3":0,"4":0,"5":0,"6":0,"7":0,"8":0,"9":2},"f":{"0":0,"1":0,"2":0},"b":{},"_coverageSchema":"1a1c01bbd47fc00a2c39e90264f33305004495a9","hash":"3c77bd3d9f2426dad5a6dcdbb73ff13ea717ca0c"}
,"/Users/global/Desktop/code/DemoApp-main/app/screens/AddEditTask/index.tsx": {"path":"/Users/global/Desktop/code/DemoApp-main/app/screens/AddEditTask/index.tsx","statementMap":{"0":{"start":{"line":14,"column":26},"end":{"line":56,"column":1}},"1":{"start":{"line":15,"column":19},"end":{"line":15,"column":37}},"2":{"start":{"line":16,"column":19},"end":{"line":16,"column":35}},"3":{"start":{"line":17,"column":18},"end":{"line":17,"column":31}},"4":{"start":{"line":18,"column":25},"end":{"line":18,"column":38}},"5":{"start":{"line":20,"column":20},"end":{"line":23,"column":8}},"6":{"start":{"line":21,"column":4},"end":{"line":21,"column":31}},"7":{"start":{"line":22,"column":4},"end":{"line":22,"column":38}},"8":{"start":{"line":25,"column":22},"end":{"line":35,"column":3}},"9":{"start":{"line":26,"column":4},"end":{"line":32,"column":5}},"10":{"start":{"line":33,"column":4},"end":{"line":33,"column":15}},"11":{"start":{"line":34,"column":4},"end":{"line":34,"column":30}},"12":{"start":{"line":37,"column":2},"end":{"line":55,"column":3}},"13":{"start":{"line":60,"column":15},"end":{"line":80,"column":2}}},"fnMap":{"0":{"name":"(anonymous_0)","decl":{"start":{"line":14,"column":26},"end":{"line":14,"column":27}},"loc":{"start":{"line":14,"column":77},"end":{"line":56,"column":1}},"line":14},"1":{"name":"(anonymous_1)","decl":{"start":{"line":20,"column":32},"end":{"line":20,"column":33}},"loc":{"start":{"line":20,"column":38},"end":{"line":23,"column":3}},"line":20},"2":{"name":"(anonymous_2)","decl":{"start":{"line":25,"column":22},"end":{"line":25,"column":23}},"loc":{"start":{"line":25,"column":28},"end":{"line":35,"column":3}},"line":25}},"branchMap":{"0":{"loc":{"start":{"line":43,"column":21},"end":{"line":43,"column":41}},"type":"binary-expr","locations":[{"start":{"line":43,"column":21},"end":{"line":43,"column":35}},{"start":{"line":43,"column":39},"end":{"line":43,"column":41}}],"line":43},"1":{"loc":{"start":{"line":49,"column":21},"end":{"line":49,"column":48}},"type":"binary-expr","locations":[{"start":{"line":49,"column":21},"end":{"line":49,"column":42}},{"start":{"line":49,"column":46},"end":{"line":49,"column":48}}],"line":49}},"s":{"0":1,"1":1,"2":0,"3":0,"4":0,"5":0,"6":0,"7":0,"8":0,"9":0,"10":0,"11":0,"12":0,"13":1},"f":{"0":1,"1":0,"2":0},"b":{"0":[0,0],"1":[0,0]},"_coverageSchema":"1a1c01bbd47fc00a2c39e90264f33305004495a9","hash":"23272623c8d877159a5a17b4fb98106d84393977"}
,"/Users/global/Desktop/code/DemoApp-main/app/screens/Home/index.tsx": {"path":"/Users/global/Desktop/code/DemoApp-main/app/screens/Home/index.tsx","statementMap":{"0":{"start":{"line":20,"column":19},"end":{"line":47,"column":1}},"1":{"start":{"line":21,"column":23},"end":{"line":21,"column":58}},"2":{"start":{"line":21,"column":47},"end":{"line":21,"column":57}},"3":{"start":{"line":23,"column":22},"end":{"line":25,"column":3}},"4":{"start":{"line":24,"column":4},"end":{"line":24,"column":73}},"5":{"start":{"line":27,"column":25},"end":{"line":29,"column":3}},"6":{"start":{"line":28,"column":4},"end":{"line":28,"column":50}},"7":{"start":{"line":31,"column":18},"end":{"line":33,"column":3}},"8":{"start":{"line":32,"column":4},"end":{"line":32,"column":63}},"9":{"start":{"line":35,"column":2},"end":{"line":46,"column":3}},"10":{"start":{"line":41,"column":36},"end":{"line":41,"column":52}},"11":{"start":{"line":51,"column":15},"end":{"line":59,"column":2}}},"fnMap":{"0":{"name":"(anonymous_0)","decl":{"start":{"line":20,"column":19},"end":{"line":20,"column":20}},"loc":{"start":{"line":20,"column":56},"end":{"line":47,"column":1}},"line":20},"1":{"name":"(anonymous_1)","decl":{"start":{"line":21,"column":38},"end":{"line":21,"column":39}},"loc":{"start":{"line":21,"column":47},"end":{"line":21,"column":57}},"line":21},"2":{"name":"(anonymous_2)","decl":{"start":{"line":23,"column":22},"end":{"line":23,"column":23}},"loc":{"start":{"line":23,"column":47},"end":{"line":25,"column":3}},"line":23},"3":{"name":"(anonymous_3)","decl":{"start":{"line":27,"column":25},"end":{"line":27,"column":26}},"loc":{"start":{"line":28,"column":4},"end":{"line":28,"column":50}},"line":28},"4":{"name":"(anonymous_4)","decl":{"start":{"line":31,"column":18},"end":{"line":31,"column":19}},"loc":{"start":{"line":31,"column":24},"end":{"line":33,"column":3}},"line":31},"5":{"name":"(anonymous_5)","decl":{"start":{"line":41,"column":22},"end":{"line":41,"column":23}},"loc":{"start":{"line":41,"column":36},"end":{"line":41,"column":52}},"line":41}},"branchMap":{},"s":{"0":1,"1":1,"2":1,"3":1,"4":0,"5":1,"6":0,"7":1,"8":0,"9":1,"10":0,"11":1},"f":{"0":1,"1":1,"2":0,"3":0,"4":0,"5":0},"b":{},"_coverageSchema":"1a1c01bbd47fc00a2c39e90264f33305004495a9","hash":"0647cc5f7e49fdfd739d793991ea2e6af220cd31"}
,"/Users/global/Desktop/code/DemoApp-main/app/screens/Home/components/TaskItem.tsx": {"path":"/Users/global/Desktop/code/DemoApp-main/app/screens/Home/components/TaskItem.tsx","statementMap":{"0":{"start":{"line":10,"column":17},"end":{"line":25,"column":1}},"1":{"start":{"line":11,"column":28},"end":{"line":11,"column":33}},"2":{"start":{"line":12,"column":2},"end":{"line":24,"column":3}},"3":{"start":{"line":15,"column":21},"end":{"line":15,"column":34}},"4":{"start":{"line":27,"column":15},"end":{"line":54,"column":2}}},"fnMap":{"0":{"name":"(anonymous_0)","decl":{"start":{"line":10,"column":17},"end":{"line":10,"column":18}},"loc":{"start":{"line":10,"column":47},"end":{"line":25,"column":1}},"line":10},"1":{"name":"(anonymous_1)","decl":{"start":{"line":15,"column":15},"end":{"line":15,"column":16}},"loc":{"start":{"line":15,"column":21},"end":{"line":15,"column":34}},"line":15}},"branchMap":{},"s":{"0":1,"1":0,"2":0,"3":0,"4":1},"f":{"0":0,"1":0},"b":{},"_coverageSchema":"1a1c01bbd47fc00a2c39e90264f33305004495a9","hash":"776ddd3f6885fa3f3f535bf1a90e242a09f4a726"}
}
