TN:
SF:app/rootReducer.tsx
FNF:0
FNH:0
DA:4,2
LF:1
LH:1
BRF:0
BRH:0
end_of_record
TN:
SF:app/store.ts
FN:12,(anonymous_0)
FN:17,(anonymous_1)
FNF:2
FNH:1
FNDA:2,(anonymous_0)
FNDA:0,(anonymous_1)
DA:10,2
DA:12,2
DA:17,2
DA:19,2
LF:4
LH:4
BRF:0
BRH:0
end_of_record
TN:
SF:app/components/FloatingButton/FloatingButton.tsx
FN:10,(anonymous_0)
FN:14,(anonymous_1)
FNF:2
FNH:1
FNDA:1,(anonymous_0)
FNDA:0,(anonymous_1)
DA:10,1
DA:11,1
DA:12,1
DA:14,0
DA:24,1
LF:5
LH:4
BRDA:14,0,0,0
BRDA:14,0,1,0
BRDA:17,1,0,1
BRDA:17,1,1,1
BRF:4
BRH:2
end_of_record
TN:
SF:app/components/FloatingButton/index.ts
FNF:0
FNH:0
LF:0
LH:0
BRF:0
BRH:0
end_of_record
TN:
SF:app/components/LoadingView/LoadingView.tsx
FN:4,(anonymous_0)
FNF:1
FNH:0
FNDA:0,(anonymous_0)
DA:4,0
DA:5,0
DA:14,0
LF:3
LH:0
BRF:0
BRH:0
end_of_record
TN:
SF:app/components/LoadingView/index.ts
FNF:0
FNH:0
LF:0
LH:0
BRF:0
BRH:0
end_of_record
TN:
SF:app/components/MInput/MInput.tsx
FN:16,(anonymous_0)
FN:23,(anonymous_1)
FN:24,(anonymous_2)
FN:27,(anonymous_3)
FN:42,(anonymous_4)
FNF:5
FNH:0
FNDA:0,(anonymous_0)
FNDA:0,(anonymous_1)
FNDA:0,(anonymous_2)
FNDA:0,(anonymous_3)
FNDA:0,(anonymous_4)
DA:16,1
DA:17,0
DA:19,0
DA:21,0
DA:23,0
DA:25,0
DA:28,0
DA:34,0
DA:43,0
DA:50,1
DA:61,1
LF:11
LH:3
BRDA:19,0,0,0
BRDA:19,0,1,0
BRDA:35,1,0,0
BRDA:35,1,1,0
BRDA:37,2,0,0
BRDA:37,2,1,0
BRDA:38,3,0,0
BRDA:38,3,1,0
BRF:8
BRH:0
end_of_record
TN:
SF:app/components/MInput/index.ts
FNF:0
FNH:0
LF:0
LH:0
BRF:0
BRH:0
end_of_record
TN:
SF:app/config/DebugConfig.ts
FNF:0
FNH:0
LF:0
LH:0
BRF:0
BRH:0
end_of_record
TN:
SF:app/constant/index.ts
FNF:0
FNH:0
LF:0
LH:0
BRF:0
BRH:0
end_of_record
TN:
SF:app/constant/routerConstants.ts
FNF:0
FNH:0
DA:1,1
DA:6,1
LF:2
LH:2
BRF:0
BRH:0
end_of_record
TN:
SF:app/models/NavigationType.ts
FNF:0
FNH:0
LF:0
LH:0
BRF:0
BRH:0
end_of_record
TN:
SF:app/models/ResponseType.ts
FNF:0
FNH:0
LF:0
LH:0
BRF:0
BRH:0
end_of_record
TN:
SF:app/models/TaskModels.ts
FNF:0
FNH:0
LF:0
LH:0
BRF:0
BRH:0
end_of_record
TN:
SF:app/navigation/AppNavigator.tsx
FN:28,(anonymous_0)
FN:32,(anonymous_1)
FN:36,(anonymous_2)
FNF:3
FNH:0
FNDA:0,(anonymous_0)
FNDA:0,(anonymous_1)
FNDA:0,(anonymous_2)
DA:8,0
DA:10,0
DA:12,0
DA:28,0
DA:29,0
DA:32,0
DA:37,0
LF:7
LH:0
BRF:0
BRH:0
end_of_record
TN:
SF:app/redux/index.ts
FNF:0
FNH:0
LF:0
LH:0
BRF:0
BRH:0
end_of_record
TN:
SF:app/redux/Task/index.ts
FNF:0
FNH:0
LF:0
LH:0
BRF:0
BRH:0
end_of_record
TN:
SF:app/redux/Task/taskSlice.ts
FN:21,(anonymous_0)
FN:24,(anonymous_1)
FN:26,(anonymous_2)
FNF:3
FNH:0
FNDA:0,(anonymous_0)
FNDA:0,(anonymous_1)
FNDA:0,(anonymous_2)
DA:8,2
DA:17,2
DA:22,0
DA:25,0
DA:26,0
DA:28,0
DA:29,0
DA:31,0
DA:32,0
DA:37,2
LF:10
LH:3
BRF:0
BRH:0
end_of_record
TN:
SF:app/screens/AddEditTask/index.tsx
FN:14,(anonymous_0)
FN:20,(anonymous_1)
FN:25,(anonymous_2)
FNF:3
FNH:1
FNDA:1,(anonymous_0)
FNDA:0,(anonymous_1)
FNDA:0,(anonymous_2)
DA:14,1
DA:15,1
DA:16,0
DA:17,0
DA:18,0
DA:20,0
DA:21,0
DA:22,0
DA:25,0
DA:26,0
DA:33,0
DA:34,0
DA:37,0
DA:60,1
LF:14
LH:3
BRDA:43,0,0,0
BRDA:43,0,1,0
BRDA:49,1,0,0
BRDA:49,1,1,0
BRF:4
BRH:0
end_of_record
TN:
SF:app/screens/Home/index.tsx
FN:20,(anonymous_0)
FN:21,(anonymous_1)
FN:23,(anonymous_2)
FN:27,(anonymous_3)
FN:31,(anonymous_4)
FN:41,(anonymous_5)
FNF:6
FNH:2
FNDA:1,(anonymous_0)
FNDA:1,(anonymous_1)
FNDA:0,(anonymous_2)
FNDA:0,(anonymous_3)
FNDA:0,(anonymous_4)
FNDA:0,(anonymous_5)
DA:20,1
DA:21,1
DA:23,1
DA:24,0
DA:27,1
DA:28,0
DA:31,1
DA:32,0
DA:35,1
DA:41,0
DA:51,1
LF:11
LH:7
BRF:0
BRH:0
end_of_record
TN:
SF:app/screens/Home/components/TaskItem.tsx
FN:10,(anonymous_0)
FN:15,(anonymous_1)
FNF:2
FNH:0
FNDA:0,(anonymous_0)
FNDA:0,(anonymous_1)
DA:10,1
DA:11,0
DA:12,0
DA:15,0
DA:27,1
LF:5
LH:2
BRF:0
BRH:0
end_of_record
TN:
SF:app/service/API/userAPI.ts
FN:8,(anonymous_0)
FN:11,(anonymous_1)
FNF:2
FNH:0
FNDA:0,(anonymous_0)
FNDA:0,(anonymous_1)
DA:8,0
DA:9,0
DA:11,0
DA:12,0
LF:4
LH:0
BRF:0
BRH:0
end_of_record
TN:
SF:app/service/Network/ApiService.ts
FN:3,(anonymous_0)
FN:18,handleResult
FN:20,(anonymous_2)
FN:23,(anonymous_3)
FN:28,handleResponse
FN:36,(anonymous_5)
FN:38,(anonymous_6)
FN:40,(anonymous_7)
FN:42,(anonymous_8)
FNF:9
FNH:0
FNDA:0,(anonymous_0)
FNDA:0,handleResult
FNDA:0,(anonymous_2)
FNDA:0,(anonymous_3)
FNDA:0,handleResponse
FNDA:0,(anonymous_5)
FNDA:0,(anonymous_6)
FNDA:0,(anonymous_7)
FNDA:0,(anonymous_8)
DA:3,0
DA:4,0
DA:13,0
DA:16,0
DA:19,0
DA:21,0
DA:24,0
DA:29,0
DA:30,0
DA:32,0
DA:35,0
DA:37,0
DA:39,0
DA:41,0
DA:43,0
LF:15
LH:0
BRDA:29,0,0,0
BRDA:29,0,1,0
BRF:2
BRH:0
end_of_record
TN:
SF:app/utils/index.tsx
FN:1,(anonymous_0)
FN:2,(anonymous_1)
FNF:2
FNH:0
FNDA:0,(anonymous_0)
FNDA:0,(anonymous_1)
DA:1,0
DA:2,0
LF:2
LH:0
BRF:0
BRH:0
end_of_record
