TN:
SF:app/rootReducer.tsx
FNF:0
FNH:0
DA:4,2
LF:1
LH:1
BRF:0
BRH:0
end_of_record
TN:
SF:app/store.ts
FN:10,(anonymous_0)
FN:13,(anonymous_1)
FNF:2
FNH:2
FNDA:8,(anonymous_0)
FNDA:8,(anonymous_1)
DA:10,2
DA:11,8
DA:13,8
DA:22,2
DA:23,2
LF:5
LH:5
BRF:0
BRH:0
end_of_record
TN:
SF:app/components/index.ts
FNF:0
FNH:0
LF:0
LH:0
BRF:0
BRH:0
end_of_record
TN:
SF:app/components/FloatingButton/FloatingButton.tsx
FN:10,(anonymous_0)
FN:14,(anonymous_1)
FNF:2
FNH:2
FNDA:5,(anonymous_0)
FNDA:2,(anonymous_1)
DA:10,3
DA:11,5
DA:12,5
DA:14,2
DA:22,3
LF:5
LH:5
BRDA:14,0,0,2
BRDA:14,0,1,2
BRDA:17,1,0,5
BRDA:17,1,1,5
BRF:4
BRH:4
end_of_record
TN:
SF:app/components/FloatingButton/index.ts
FNF:0
FNH:0
LF:0
LH:0
BRF:0
BRH:0
end_of_record
TN:
SF:app/components/MInput/MInput.tsx
FN:12,(anonymous_0)
FN:17,(anonymous_1)
FN:18,(anonymous_2)
FN:21,(anonymous_3)
FN:36,(anonymous_4)
FNF:5
FNH:5
FNDA:28,(anonymous_0)
FNDA:28,(anonymous_1)
FNDA:10,(anonymous_2)
FNDA:5,(anonymous_3)
FNDA:5,(anonymous_4)
DA:12,3
DA:13,28
DA:15,28
DA:17,28
DA:19,10
DA:22,5
DA:28,28
DA:37,5
DA:44,3
DA:55,3
LF:10
LH:10
BRDA:13,0,0,28
BRDA:13,0,1,13
BRDA:32,1,0,28
BRDA:32,1,1,28
BRDA:33,2,0,28
BRDA:33,2,1,1
BRF:6
BRH:6
end_of_record
TN:
SF:app/components/MInput/index.ts
FNF:0
FNH:0
LF:0
LH:0
BRF:0
BRH:0
end_of_record
TN:
SF:app/config/DebugConfig.ts
FNF:0
FNH:0
LF:0
LH:0
BRF:0
BRH:0
end_of_record
TN:
SF:app/constant/index.ts
FNF:0
FNH:0
LF:0
LH:0
BRF:0
BRH:0
end_of_record
TN:
SF:app/constant/routerConstants.ts
FNF:0
FNH:0
DA:6,1
LF:1
LH:1
BRF:0
BRH:0
end_of_record
TN:
SF:app/models/NavigationType.ts
FNF:0
FNH:0
LF:0
LH:0
BRF:0
BRH:0
end_of_record
TN:
SF:app/models/ResponseType.ts
FNF:0
FNH:0
LF:0
LH:0
BRF:0
BRH:0
end_of_record
TN:
SF:app/models/TaskModels.ts
FNF:0
FNH:0
LF:0
LH:0
BRF:0
BRH:0
end_of_record
TN:
SF:app/redux/index.ts
FNF:0
FNH:0
LF:0
LH:0
BRF:0
BRH:0
end_of_record
TN:
SF:app/redux/Task/taskSlice.ts
FN:21,(anonymous_0)
FN:24,(anonymous_1)
FN:26,(anonymous_2)
FNF:3
FNH:3
FNDA:2,(anonymous_0)
FNDA:2,(anonymous_1)
FNDA:2,(anonymous_2)
DA:8,3
DA:17,3
DA:22,2
DA:25,2
DA:26,2
DA:28,2
DA:29,2
DA:31,2
DA:32,2
DA:37,3
LF:10
LH:10
BRF:0
BRH:0
end_of_record
TN:
SF:app/screens/AddEditTask/index.tsx
FN:13,(anonymous_0)
FN:20,(anonymous_1)
FN:27,(anonymous_2)
FNF:3
FNH:3
FNDA:5,(anonymous_0)
FNDA:2,(anonymous_1)
FNDA:3,(anonymous_2)
DA:13,1
DA:14,5
DA:15,5
DA:16,5
DA:17,5
DA:20,5
DA:27,5
DA:28,3
DA:29,1
DA:30,2
DA:31,1
DA:43,1
DA:45,1
DA:54,1
DA:58,5
DA:83,1
LF:16
LH:16
BRDA:28,0,0,1
BRDA:28,0,1,2
BRDA:30,1,0,1
BRDA:30,1,1,1
BRDA:65,2,0,5
BRDA:65,2,1,3
BRDA:72,3,0,5
BRDA:72,3,1,3
BRDA:75,4,0,2
BRDA:75,4,1,3
BRF:10
BRH:10
end_of_record
TN:
SF:app/screens/Home/index.tsx
FN:21,(anonymous_0)
FN:22,(anonymous_1)
FN:24,(anonymous_2)
FN:28,(anonymous_3)
FN:32,(anonymous_4)
FN:42,(anonymous_5)
FNF:6
FNH:6
FNDA:3,(anonymous_0)
FNDA:3,(anonymous_1)
FNDA:1,(anonymous_2)
FNDA:1,(anonymous_3)
FNDA:1,(anonymous_4)
FNDA:1,(anonymous_5)
DA:21,1
DA:22,3
DA:24,3
DA:25,1
DA:28,3
DA:29,1
DA:32,3
DA:33,1
DA:36,3
DA:42,1
DA:52,1
LF:11
LH:11
BRF:0
BRH:0
end_of_record
TN:
SF:app/screens/Home/components/TaskItem/TaskItem.tsx
FN:10,(anonymous_0)
FN:15,(anonymous_1)
FNF:2
FNH:2
FNDA:3,(anonymous_0)
FNDA:2,(anonymous_1)
DA:10,2
DA:11,3
DA:15,2
DA:27,2
DA:56,2
LF:5
LH:5
BRF:0
BRH:0
end_of_record
TN:
SF:app/screens/Home/components/TaskItem/index.ts
FNF:0
FNH:0
LF:0
LH:0
BRF:0
BRH:0
end_of_record
